<?xml version="1.0" encoding="UTF-8"?>
<!-- Generated by org.testng.reporters.JUnitReportReporter -->
<testsuite hostname="LAPTOP-6A7NESE0" failures="0" tests="1" name="mavenproject1.testone.Testonedemo" time="10.576" errors="0" timestamp="2021-01-05T08:52:24 IST" skipped="0">
  <testcase classname="mavenproject1.testone.Testonedemo" name="demo" time="10.576"/>
  <system-out/>
</testsuite> <!-- mavenproject1.testone.Testonedemo -->
