<?xml version="1.0" encoding="UTF-8"?>
<!-- Generated by org.testng.reporters.JUnitReportReporter -->
<testsuite skipped="0" hostname="LAPTOP-6A7NESE0" name="mavenproject1.testone.Testonedemo" tests="1" failures="0" timestamp="2021-01-07T18:21:51 IST" time="19.000" errors="0">
  <testcase name="demo" time="19.000" classname="mavenproject1.testone.Testonedemo"/>
  <system-out/>
</testsuite> <!-- mavenproject1.testone.Testonedemo -->
